2023-08-21 15:24:33:2433 [34m[34minfo[34m[39m: [34m[34mServer is running on port 8080[34m[39m
2023-08-21 15:25:09:259 [34m[34minfo[34m[39m: [34m[34mServer is running on port 8080[34m[39m
2023-08-21 15:45:16:4516 [34m[34minfo[34m[39m: [34m[34mServer is running on port 5000[34m[39m
2023-08-21 15:46:53:4653 [34m[34minfo[34m[39m: [34m[34mServer is running on port 5000[34m[39m
2023-08-21 15:47:10:4710 [34m[34minfo[34m[39m: [34m[34mServer is running on port 5000[34m[39m
2023-08-21 15:47:45:4745 [34m[34minfo[34m[39m: [34m[34mServer is running on port 5000[34m[39m
2023-08-21 15:48:13:4813 [34m[34minfo[34m[39m: [34m[34mServer is running on port 5000[34m[39m
2023-08-21 17:28:22:2822 [34m[34minfo[34m[39m: [34m[34mServer is running on port 5000[34m[39m
2023-08-21 17:29:24:2924 [34m[34minfo[34m[39m: [34m[34mServer is running on port 5000[34m[39m
2023-08-21 17:29:39:2939 [34m[34minfo[34m[39m: [34m[34mServer is running on port 5000[34m[39m
2023-08-21 17:29:54:2954 [34m[34minfo[34m[39m: [34m[34mServer is running on port 5000[34m[39m
2023-08-21 17:30:50:3050 [34m[34minfo[34m[39m: [34m[34mServer is running on port 5000[34m[39m
2023-08-21 17:35:22:3522 [34m[34minfo[34m[39m: [34m[34mServer is running on port 5000[34m[39m
2023-08-21 17:48:17:4817 [34m[34minfo[34m[39m: [34m[34mServer is running on port 5000[34m[39m
2023-08-21 17:53:29:5329 [34m[34minfo[34m[39m: [34m[34mServer is running on port 5000[34m[39m
2023-08-21 17:54:28:5428 [34m[34minfo[34m[39m: [34m[34mServer is running on port 5000[34m[39m
2023-08-21 17:54:34:5434 [34m[34minfo[34m[39m: [34m[34mServer is running on port 5000[34m[39m
2023-08-21 17:55:05:555 [34m[34minfo[34m[39m: [34m[34mServer is running on port 5000[34m[39m
2023-08-21 17:55:59:5559 [34m[34minfo[34m[39m: [34m[34mServer is running on port 5000[34m[39m
2023-08-21 17:56:11:5611 [34m[34minfo[34m[39m: [34m[34mSeeding started[34m[39m
2023-08-21 17:56:12:5612 [34m[34minfo[34m[39m: [34m[34mSeeding finished[34m[39m
2023-08-21 18:03:54:354 [34m[34minfo[34m[39m: [34m[34mServer is running on port 5000[34m[39m
2023-08-21 18:04:27:427 [34m[34minfo[34m[39m: [34m[34mServer is running on port 5000[34m[39m
2023-08-21 18:04:40:440 [34m[34minfo[34m[39m: [34m[34mServer is running on port 5000[34m[39m
2023-08-21 18:09:49:949 [34m[34minfo[34m[39m: [34m[34mServer is running on port 5000[34m[39m
2023-08-21 18:10:47:1047 [34m[34minfo[34m[39m: [34m[34mServer is running on port 5000[34m[39m
2023-08-21 18:11:11:1111 [34m[34minfo[34m[39m: [34m[34mServer is running on port 5000[34m[39m
2023-08-21 18:11:32:1132 [34m[34minfo[34m[39m: [34m[34mServer is running on port 5000[34m[39m
2023-08-21 18:11:35:1135 [34m[34minfo[34m[39m: [34m[34mServer is running on port 5000[34m[39m
2023-08-21 18:13:22:1322 [34m[34minfo[34m[39m: [34m[34mServer is running on port 5000[34m[39m
2023-08-21 18:13:53:1353 [34m[34minfo[34m[39m: [34m[34mServer is running on port 5000[34m[39m
2023-08-21 18:14:55:1455 [34m[34minfo[34m[39m: [34m[34mServer is running on port 5000[34m[39m
2023-08-21 18:15:02:152 [34m[34minfo[34m[39m: [34m[34mServer is running on port 5000[34m[39m
2023-08-21 18:16:19:1619 [34m[34minfo[34m[39m: [34m[34mServer is running on port 5000[34m[39m
2023-08-21 18:19:04:194 [34m[34minfo[34m[39m: [34m[34mServer is running on port 5000[34m[39m
2023-08-21 18:23:21:2321 [34m[34minfo[34m[39m: [34m[34mServer is running on port 5000[34m[39m
2023-08-21 18:25:42:2542 [34m[34minfo[34m[39m: [34m[34mServer is running on port 5000[34m[39m
2023-08-21 18:28:32:2832 [34m[34minfo[34m[39m: [34m[34mServer is running on port 5000[34m[39m
2023-08-21 18:29:58:2958 [34m[34minfo[34m[39m: [34m[34mServer is running on port 5000[34m[39m
2023-08-21 18:30:43:3043 [34m[34minfo[34m[39m: [34m[34mServer is running on port 5000[34m[39m
2023-08-21 18:32:12:3212 [34m[34minfo[34m[39m: [34m[34mServer is running on port 5000[34m[39m
2023-08-21 18:34:06:346 [34m[34minfo[34m[39m: [34m[34mServer is running on port 5000[34m[39m
2023-08-21 18:34:52:3452 [34m[34minfo[34m[39m: [34m[34mServer is running on port 5000[34m[39m
2023-08-21 18:35:42:3542 [34m[34minfo[34m[39m: [34m[34mServer is running on port 5000[34m[39m
2023-08-21 18:35:59:3559 [34m[34minfo[34m[39m: [34m[34mServer is running on port 5000[34m[39m
2023-08-21 18:36:18:3618 [34m[34minfo[34m[39m: [34m[34mServer is running on port 5000[34m[39m
2023-08-21 18:36:33:3633 [34m[34minfo[34m[39m: [34m[34mServer is running on port 5000[34m[39m
2023-08-21 18:36:53:3653 [34m[34minfo[34m[39m: [34m[34mServer is running on port 5000[34m[39m
2023-08-21 18:39:22:3922 [34m[34minfo[34m[39m: [34m[34mServer is running on port 5000[34m[39m
2023-08-21 18:39:28:3928 [34m[34minfo[34m[39m: [34m[34mServer is running on port 5000[34m[39m
2023-08-21 18:40:03:403 [34m[34minfo[34m[39m: [34m[34mServer is running on port 5000[34m[39m
2023-08-21 18:41:02:412 [34m[34minfo[34m[39m: [34m[34mServer is running on port 5000[34m[39m
2023-08-21 18:44:07:447 [34m[34minfo[34m[39m: [34m[34mServer is running on port 5000[34m[39m
2023-08-21 18:50:15:5015 [34m[34minfo[34m[39m: [34m[34mServer is running on port 5000[34m[39m
2023-08-21 18:51:01:511 [34m[34minfo[34m[39m: [34m[34mServer is running on port 5000[34m[39m
2023-08-21 18:51:26:5126 [34m[34minfo[34m[39m: [34m[34mServer is running on port 5000[34m[39m
2023-08-21 18:51:41:5141 [34m[34minfo[34m[39m: [34m[34mServer is running on port 5000[34m[39m
2023-08-21 18:51:51:5151 [34m[34minfo[34m[39m: [34m[34mServer is running on port 5000[34m[39m
2023-08-21 18:52:05:525 [34m[34minfo[34m[39m: [34m[34mServer is running on port 5000[34m[39m
2023-08-21 18:52:14:5214 [34m[34minfo[34m[39m: [34m[34mServer is running on port 5000[34m[39m
2023-08-21 18:55:35:5535 [34m[34minfo[34m[39m: [34m[34mServer is running on port 5000[34m[39m
2023-08-21 18:57:55:5755 [34m[34minfo[34m[39m: [34m[34mServer is running on port 5000[34m[39m
2023-08-21 18:58:23:5823 [34m[34minfo[34m[39m: [34m[34mServer is running on port 5000[34m[39m
2023-08-21 18:58:26:5826 [34m[34minfo[34m[39m: [34m[34mServer is running on port 5000[34m[39m
2023-08-21 18:58:29:5829 [34m[34minfo[34m[39m: [34m[34mServer is running on port 5000[34m[39m
2023-08-21 18:58:31:5831 [34m[34minfo[34m[39m: [34m[34mServer is running on port 5000[34m[39m
2023-08-21 18:59:16:5916 [34m[34minfo[34m[39m: [34m[34mServer is running on port 5000[34m[39m
2023-08-21 18:59:39:5939 [34m[34minfo[34m[39m: [34m[34mServer is running on port 5000[34m[39m
2023-08-21 18:59:46:5946 [34m[34minfo[34m[39m: [34m[34mServer is running on port 5000[34m[39m
2023-08-21 19:00:00:00 [34m[34minfo[34m[39m: [34m[34mServer is running on port 5000[34m[39m
2023-08-21 19:01:25:125 [34m[34minfo[34m[39m: [34m[34mServer is running on port 5000[34m[39m
2023-08-21 19:01:46:146 [34m[34minfo[34m[39m: [34m[34mServer is running on port 5000[34m[39m
2023-08-21 19:03:25:325 [34m[34minfo[34m[39m: [34m[34mServer is running on port 5000[34m[39m
2023-08-21 19:05:39:539 [34m[34minfo[34m[39m: [34m[34mServer is running on port 5000[34m[39m
2023-08-21 19:05:53:553 [34m[34minfo[34m[39m: [34m[34mServer is running on port 5000[34m[39m
2023-08-21 19:07:33:733 [34m[34minfo[34m[39m: [34m[34mServer is running on port 5000[34m[39m
2023-08-21 19:07:39:739 [34m[34minfo[34m[39m: [34m[34mServer is running on port 5000[34m[39m
2023-08-21 19:07:55:755 [34m[34minfo[34m[39m: [34m[34mServer is running on port 5000[34m[39m
2023-08-21 19:08:01:81 [34m[34minfo[34m[39m: [34m[34mServer is running on port 5000[34m[39m
2023-08-21 19:08:20:820 [34m[34minfo[34m[39m: [34m[34mServer is running on port 5000[34m[39m
2023-08-21 19:08:42:842 [34m[34minfo[34m[39m: [34m[34mServer is running on port 5000[34m[39m
2023-08-21 19:13:28:1328 [34m[34minfo[34m[39m: [34m[34mServer is running on port 5000[34m[39m
2023-08-21 19:14:50:1450 [34m[34minfo[34m[39m: [34m[34mServer is running on port 5000[34m[39m
2023-08-21 19:14:56:1456 [34m[34minfo[34m[39m: [34m[34mServer is running on port 5000[34m[39m
2023-08-21 19:16:01:161 [34m[34minfo[34m[39m: [34m[34mServer is running on port 5000[34m[39m
2023-08-21 19:16:38:1638 [34m[34minfo[34m[39m: [34m[34mServer is running on port 5000[34m[39m
2023-08-21 19:17:55:1755 [34m[34minfo[34m[39m: [34m[34mServer is running on port 5000[34m[39m
2023-08-21 19:19:18:1918 [34m[34minfo[34m[39m: [34m[34mServer is running on port 5000[34m[39m
2023-08-21 19:20:41:2041 [34m[34minfo[34m[39m: [34m[34mServer is running on port 5000[34m[39m
2023-08-21 19:21:37:2137 [34m[34minfo[34m[39m: [34m[34mServer is running on port 5000[34m[39m
2023-08-21 19:29:39:2939 [34m[34minfo[34m[39m: [34m[34mServer is running on port 5000[34m[39m
2023-08-21 19:29:55:2955 [34m[34minfo[34m[39m: [34m[34mServer is running on port 5000[34m[39m
2023-08-21 19:30:39:3039 [34m[34minfo[34m[39m: [34m[34mServer is running on port 5000[34m[39m
2023-08-21 19:39:11:3911 [34m[34minfo[34m[39m: [34m[34mServer is running on port 5000[34m[39m
2023-08-21 19:39:25:3925 [34m[34minfo[34m[39m: [34m[34mServer is running on port 5000[34m[39m
2023-08-21 19:39:35:3935 [34m[34minfo[34m[39m: [34m[34mServer is running on port 5000[34m[39m
2023-08-21 19:52:58:5258 [34m[34minfo[34m[39m: [34m[34mServer is running on port 5000[34m[39m
2023-08-21 19:54:53:5453 [34m[34minfo[34m[39m: [34m[34mServer is running on port 5000[34m[39m
2023-08-21 19:55:35:5535 [34m[34minfo[34m[39m: [34m[34mServer is running on port 5000[34m[39m
2023-08-21 19:55:43:5543 [34m[34minfo[34m[39m: [34m[34mServer is running on port 5000[34m[39m
2023-08-21 19:56:25:5625 [34m[34minfo[34m[39m: [34m[34mServer is running on port 5000[34m[39m
2023-08-21 19:56:30:5630 [34m[34minfo[34m[39m: [34m[34mServer is running on port 5000[34m[39m
2023-08-21 19:57:22:5722 [34m[34minfo[34m[39m: [34m[34mServer is running on port 5000[34m[39m
2023-08-21 19:59:11:5911 [34m[34minfo[34m[39m: [34m[34mServer is running on port 5000[34m[39m
2023-08-21 20:00:41:041 [34m[34minfo[34m[39m: [34m[34mServer is running on port 5000[34m[39m
2023-08-21 20:01:02:12 [34m[34minfo[34m[39m: [34m[34mServer is running on port 5000[34m[39m
2023-08-21 20:01:10:110 [34m[34minfo[34m[39m: [34m[34mServer is running on port 5000[34m[39m
2023-08-21 20:18:11:1811 [34m[34minfo[34m[39m: [34m[34mServer is running on port 5000[34m[39m
2023-08-21 20:19:06:196 [34m[34minfo[34m[39m: [34m[34mServer is running on port 5000[34m[39m
2023-08-21 20:19:47:1947 [34m[34minfo[34m[39m: [34m[34mServer is running on port 5000[34m[39m
2023-08-21 20:19:52:1952 [34m[34minfo[34m[39m: [34m[34mServer is running on port 5000[34m[39m
2023-08-21 20:20:37:2037 [34m[34minfo[34m[39m: [34m[34mServer is running on port 5000[34m[39m
2023-08-21 20:20:51:2051 [34m[34minfo[34m[39m: [34m[34mServer is running on port 5000[34m[39m
2023-08-21 20:21:07:217 [34m[34minfo[34m[39m: [34m[34mServer is running on port 5000[34m[39m
2023-08-21 20:21:27:2127 [34m[34minfo[34m[39m: [34m[34mServer is running on port 5000[34m[39m
2023-08-21 20:23:14:2314 [34m[34minfo[34m[39m: [34m[34mServer is running on port 5000[34m[39m
2023-08-21 20:23:30:2330 [34m[34minfo[34m[39m: [34m[34mServer is running on port 5000[34m[39m
2023-08-21 20:24:06:246 [34m[34minfo[34m[39m: [34m[34mServer is running on port 5000[34m[39m
2023-08-21 20:24:14:2414 [34m[34minfo[34m[39m: [34m[34mServer is running on port 5000[34m[39m
2023-08-21 20:26:09:269 [34m[34minfo[34m[39m: [34m[34mServer is running on port 5000[34m[39m
2023-08-21 20:26:28:2628 [34m[34minfo[34m[39m: [34m[34mServer is running on port 5000[34m[39m
2023-08-21 20:33:21:3321 [34m[34minfo[34m[39m: [34m[34mServer is running on port 5000[34m[39m
2023-08-21 20:34:06:346 [34m[34minfo[34m[39m: [34m[34mServer is running on port 5000[34m[39m
2023-08-21 20:36:54:3654 [34m[34minfo[34m[39m: [34m[34mServer is running on port 5000[34m[39m
2023-08-21 20:41:37:4137 [34m[34minfo[34m[39m: [34m[34mServer is running on port 5000[34m[39m
2023-08-21 20:43:37:4337 [34m[34minfo[34m[39m: [34m[34mServer is running on port 5000[34m[39m
2023-08-21 20:43:44:4344 [34m[34minfo[34m[39m: [34m[34mServer is running on port 5000[34m[39m
2023-08-21 20:43:54:4354 [34m[34minfo[34m[39m: [34m[34mServer is running on port 5000[34m[39m
2023-08-21 20:43:59:4359 [34m[34minfo[34m[39m: [34m[34mServer is running on port 5000[34m[39m
2023-08-21 20:44:05:445 [34m[34minfo[34m[39m: [34m[34mServer is running on port 5000[34m[39m
2023-08-21 20:47:30:4730 [35m[35mhttp[35m[39m: [35m[35mGET /signup 404 145 - 3.141 ms[35m[39m
[35m[35m[35m[39m
2023-08-21 20:47:32:4732 [35m[35mhttp[35m[39m: [35m[35mGET /signin 404 145 - 0.913 ms[35m[39m
[35m[35m[35m[39m
2023-08-21 20:48:09:489 [35m[35mhttp[35m[39m: [35m[35mPOST /signin 404 146 - 19.614 ms[35m[39m
[35m[35m[35m[39m
2023-08-21 20:49:27:4927 [34m[34minfo[34m[39m: [34m[34mServer is running on port 5000[34m[39m
2023-08-21 20:49:32:4932 [35m[35mhttp[35m[39m: [35m[35mGET / 404 139 - 12.414 ms[35m[39m
[35m[35m[35m[39m
2023-08-21 20:49:34:4934 [35m[35mhttp[35m[39m: [35m[35mGET / 404 139 - 0.829 ms[35m[39m
[35m[35m[35m[39m
2023-08-21 20:49:35:4935 [35m[35mhttp[35m[39m: [35m[35mGET / 404 139 - 0.799 ms[35m[39m
[35m[35m[35m[39m
2023-08-21 20:49:38:4938 [35m[35mhttp[35m[39m: [35m[35mGET / 404 139 - 1.061 ms[35m[39m
[35m[35m[35m[39m
2023-08-21 20:52:43:5243 [34m[34minfo[34m[39m: [34m[34mServer is running on port 5000[34m[39m
2023-08-21 20:52:49:5249 [35m[35mhttp[35m[39m: [35m[35mGET / 200 32 - 14.837 ms[35m[39m
[35m[35m[35m[39m
2023-08-21 20:53:15:5315 [34m[34minfo[34m[39m: [34m[34mServer is running on port 5000[34m[39m
2023-08-21 20:53:22:5322 [34m[34minfo[34m[39m: [34m[34mServer is running on port 5000[34m[39m
2023-08-21 20:53:27:5327 [31m[31merror[31m[39m: [31m[31mNotFoundError Route doesn't exist[31m[39m
2023-08-21 20:53:27:5327 [35m[35mhttp[35m[39m: [35m[35mGET /signin 404 37 - 21.745 ms[35m[39m
[35m[35m[35m[39m
2023-08-21 20:53:33:5333 [31m[31merror[31m[39m: [31m[31mNotFoundError Route doesn't exist[31m[39m
2023-08-21 20:53:33:5333 [35m[35mhttp[35m[39m: [35m[35mGET /signin 404 37 - 2.652 ms[35m[39m
[35m[35m[35m[39m
2023-08-21 20:53:48:5348 [31m[31merror[31m[39m: [31m[31mNotFoundError Route doesn't exist[31m[39m
2023-08-21 20:53:48:5348 [35m[35mhttp[35m[39m: [35m[35mGET /signin 404 37 - 2.264 ms[35m[39m
[35m[35m[35m[39m
2023-08-21 20:53:52:5352 [35m[35mhttp[35m[39m: [35m[35mPOST /signin 200 41 - 277.950 ms[35m[39m
[35m[35m[35m[39m
2023-08-21 20:54:16:5416 [31m[31merror[31m[39m: [31m[31mNotFoundError Route doesn't exist[31m[39m
2023-08-21 20:54:16:5416 [35m[35mhttp[35m[39m: [35m[35mGET /signin 404 37 - 1.866 ms[35m[39m
[35m[35m[35m[39m
2023-08-21 20:54:16:5416 [31m[31merror[31m[39m: [31m[31mNotFoundError Route doesn't exist[31m[39m
2023-08-21 20:54:16:5416 [35m[35mhttp[35m[39m: [35m[35mGET /favicon.ico 404 37 - 1.318 ms[35m[39m
[35m[35m[35m[39m
2023-08-21 20:54:20:5420 [31m[31merror[31m[39m: [31m[31mNotFoundError Route doesn't exist[31m[39m
2023-08-21 20:54:20:5420 [35m[35mhttp[35m[39m: [35m[35mGET /signin 404 37 - 1.667 ms[35m[39m
[35m[35m[35m[39m
2023-08-21 20:55:00:550 [31m[31merror[31m[39m: [31m[31mNotFoundError Route doesn't exist[31m[39m
2023-08-21 20:55:00:550 [35m[35mhttp[35m[39m: [35m[35mPOST /user/validate 404 37 - 1.673 ms[35m[39m
[35m[35m[35m[39m
2023-08-21 20:55:11:5511 [31m[31merror[31m[39m: [31m[31mNotFoundError Route doesn't exist[31m[39m
2023-08-21 20:55:11:5511 [35m[35mhttp[35m[39m: [35m[35mPOST /user/validate 404 37 - 2.131 ms[35m[39m
[35m[35m[35m[39m
2023-08-21 20:55:30:5530 [34m[34minfo[34m[39m: [34m[34mServer is running on port 5000[34m[39m
2023-08-21 20:55:30:5530 [31m[31merror[31m[39m: [31m[31mNotFoundError Route doesn't exist[31m[39m
2023-08-21 20:55:30:5530 [35m[35mhttp[35m[39m: [35m[35mPOST /user/validate 404 37 - 16.270 ms[35m[39m
[35m[35m[35m[39m
2023-08-21 20:55:31:5531 [31m[31merror[31m[39m: [31m[31mNotFoundError Route doesn't exist[31m[39m
2023-08-21 20:55:31:5531 [35m[35mhttp[35m[39m: [35m[35mPOST /user/validate 404 37 - 2.456 ms[35m[39m
[35m[35m[35m[39m
2023-08-21 20:55:53:5553 [31m[31merror[31m[39m: [31m[31mNotFoundError Route doesn't exist[31m[39m
2023-08-21 20:55:53:5553 [35m[35mhttp[35m[39m: [35m[35mPOST /user/logout 404 37 - 2.730 ms[35m[39m
[35m[35m[35m[39m
2023-08-21 20:56:07:567 [35m[35mhttp[35m[39m: [35m[35mPOST /logout 200 42 - 1.803 ms[35m[39m
[35m[35m[35m[39m
2023-08-21 20:56:18:5618 [31m[31merror[31m[39m: [31m[31mNotFoundError Route doesn't exist[31m[39m
2023-08-21 20:56:18:5618 [35m[35mhttp[35m[39m: [35m[35mPOST /lsignin 404 37 - 1.691 ms[35m[39m
[35m[35m[35m[39m
2023-08-21 20:56:24:5624 [35m[35mhttp[35m[39m: [35m[35mPOST /signin 200 41 - 125.234 ms[35m[39m
[35m[35m[35m[39m
2023-08-21 20:56:36:5636 [31m[31merror[31m[39m: [31m[31mUnknow erroruserInfos is not defined[31m[39m
2023-08-21 20:56:36:5636 [35m[35mhttp[35m[39m: [35m[35mGET /user/validate 500 36 - 5.595 ms[35m[39m
[35m[35m[35m[39m
2023-08-21 20:57:11:5711 [34m[34minfo[34m[39m: [34m[34mServer is running on port 5000[34m[39m
2023-08-21 20:57:13:5713 [31m[31merror[31m[39m: [31m[31mUnknow erroruserInfos is not defined[31m[39m
2023-08-21 20:57:13:5713 [35m[35mhttp[35m[39m: [35m[35mGET /user/validate 500 36 - 26.049 ms[35m[39m
[35m[35m[35m[39m
2023-08-21 20:58:16:5816 [34m[34minfo[34m[39m: [34m[34mServer is running on port 5000[34m[39m
2023-08-21 20:58:19:5819 [31m[31merror[31m[39m: [31m[31mAuthorizationError Unauthorized user[31m[39m
2023-08-21 20:58:19:5819 [35m[35mhttp[35m[39m: [35m[35mGET /user/validate 401 58 - 15.465 ms[35m[39m
[35m[35m[35m[39m
2023-08-21 20:58:21:5821 [31m[31merror[31m[39m: [31m[31mAuthorizationError Unauthorized user[31m[39m
2023-08-21 20:58:21:5821 [35m[35mhttp[35m[39m: [35m[35mGET /user/validate 401 58 - 2.722 ms[35m[39m
[35m[35m[35m[39m
2023-08-21 20:58:33:5833 [31m[31merror[31m[39m: [31m[31mAuthorizationError Unauthorized user[31m[39m
2023-08-21 20:58:33:5833 [35m[35mhttp[35m[39m: [35m[35mGET /user/validate 401 58 - 2.542 ms[35m[39m
[35m[35m[35m[39m
2023-08-21 20:59:09:599 [35m[35mhttp[35m[39m: [35m[35mPOST /signin 200 41 - 122.675 ms[35m[39m
[35m[35m[35m[39m
2023-08-21 20:59:12:5912 [35m[35mhttp[35m[39m: [35m[35mGET /user/validate 200 57 - 4.606 ms[35m[39m
[35m[35m[35m[39m
2023-08-21 20:59:34:5934 [34m[34minfo[34m[39m: [34m[34mServer is running on port 5000[34m[39m
2023-08-21 21:07:44:744 [34m[34minfo[34m[39m: [34m[34mServer is running on port 5000[34m[39m
2023-08-21 21:07:49:749 [34m[34minfo[34m[39m: [34m[34mServer is running on port 5000[34m[39m
